[2020-12-21 17:50:58,942 INFO root] Taurus CLI Tool v1.15.1
[2020-12-21 17:50:58,943 DEBUG root] Build: 13973 Fri Oct 30 09:16:46 UTC 2020
[2020-12-21 17:50:58,943 DEBUG root] Extended git info:  3fecb4b9 Release 1.15.1 (#1420)
[2020-12-21 17:50:58,943 DEBUG root] Command-line options: {'log': '/tmp/bzt_x1kg9yul.log', 'option': None, 'quiet': None, 'verbose': None, 'no_system_configs': None, 'aliases': []}
[2020-12-21 17:50:58,943 DEBUG root] Python: CPython 3.6.9
[2020-12-21 17:50:58,944 DEBUG root] OS: uname_result(system='Linux', node='ivan-VirtualBox', release='5.4.0-58-generic', version='#64~18.04.1-Ubuntu SMP Wed Dec 9 17:11:11 UTC 2020', machine='x86_64', processor='x86_64')
[2020-12-21 17:50:58,944 INFO root] Starting with configs: ['taurus_jmeter_script_blazedemo.yml']
[2020-12-21 17:50:58,944 DEBUG root] Using personal config: /home/ivan/.bzt-rc
[2020-12-21 17:50:58,944 INFO Engine] Configuring...
[2020-12-21 17:50:58,966 DEBUG Engine] Base configs list: ['/usr/local/lib/python3.6/dist-packages/bzt/resources/10-base-config.yml']
[2020-12-21 17:50:58,966 DEBUG Engine.Configuration] Configs: ['/usr/local/lib/python3.6/dist-packages/bzt/resources/10-base-config.yml']
[2020-12-21 17:50:58,966 DEBUG Engine.Configuration] Reading /usr/local/lib/python3.6/dist-packages/bzt/resources/10-base-config.yml as YAML
[2020-12-21 17:50:58,997 DEBUG Engine] User configs list: ['/home/ivan/.bzt-rc', 'taurus_jmeter_script_blazedemo.yml']
[2020-12-21 17:50:58,997 DEBUG Engine.Configuration] Configs: ['/home/ivan/.bzt-rc', 'taurus_jmeter_script_blazedemo.yml']
[2020-12-21 17:50:58,998 DEBUG Engine.Configuration] Reading /home/ivan/.bzt-rc as YAML
[2020-12-21 17:50:59,002 DEBUG Engine.Configuration] Reading taurus_jmeter_script_blazedemo.yml as YAML
[2020-12-21 17:50:59,015 DEBUG Engine.Configuration] Configs: ['/home/ivan/.bzt-rc', 'taurus_jmeter_script_blazedemo.yml']
[2020-12-21 17:50:59,016 DEBUG Engine.Configuration] Reading /home/ivan/.bzt-rc as YAML
[2020-12-21 17:50:59,019 DEBUG Engine.Configuration] Reading taurus_jmeter_script_blazedemo.yml as YAML
[2020-12-21 17:50:59,034 DEBUG Engine] Requesting updates info: https://gettaurus.org/updates/?version=1.15.1&installID=linux-80027a07efa
[2020-12-21 17:50:59,034 DEBUG HTTPClient] Making HTTP request GET https://gettaurus.org/updates/?version=1.15.1&installID=linux-80027a07efa
[2020-12-21 17:50:59,035 INFO Engine] Artifacts dir: /home/ivan/taurus-load-tests/2020-12-21_17-50-59.035036
[2020-12-21 17:50:59,038 DEBUG urllib3.connectionpool] Starting new HTTPS connection (1): gettaurus.org:443
[2020-12-21 17:50:59,041 DEBUG Engine] New artifact filename: /home/ivan/taurus-load-tests/2020-12-21_17-50-59.035036/effective
[2020-12-21 17:50:59,044 DEBUG Engine.Configuration] Dumping YAML config into /home/ivan/taurus-load-tests/2020-12-21_17-50-59.035036/effective.yml
[2020-12-21 17:50:59,073 DEBUG Engine.Configuration] Dumping JSON config into /home/ivan/taurus-load-tests/2020-12-21_17-50-59.035036/effective.json
[2020-12-21 17:50:59,075 DEBUG Engine] New artifact filename: /home/ivan/taurus-load-tests/2020-12-21_17-50-59.035036/merged.yml
[2020-12-21 17:50:59,076 DEBUG Engine.Configuration] Dumping YAML config into /home/ivan/taurus-load-tests/2020-12-21_17-50-59.035036/merged.yml
[2020-12-21 17:50:59,087 DEBUG Engine] New artifact filename: /home/ivan/taurus-load-tests/2020-12-21_17-50-59.035036/merged.json
[2020-12-21 17:50:59,088 DEBUG Engine.Configuration] Dumping JSON config into /home/ivan/taurus-load-tests/2020-12-21_17-50-59.035036/merged.json
[2020-12-21 17:50:59,090 DEBUG Engine] Add existing artifact (move=False): taurus_jmeter_script_blazedemo.yml
[2020-12-21 17:50:59,090 DEBUG Engine] Copying taurus_jmeter_script_blazedemo.yml to /home/ivan/taurus-load-tests/2020-12-21_17-50-59.035036/taurus_jmeter_script_blazedemo.yml
[2020-12-21 17:50:59,091 DEBUG Engine] Set PYTHONPATH to '/home/ivan/.bzt/python-packages/3.6.9' + '/home/ivan/taurus-load-tests/2020-12-21_17-50-59.035036/python-packages/3.6.9' + 
[2020-12-21 17:50:59,091 DEBUG Engine] Content of user packages dir: %s
[2020-12-21 17:50:59,092 DEBUG Engine] OS env: OBJC_DISABLE_INITIALIZE_FORK_SAFETY=YES
[2020-12-21 17:50:59,092 DEBUG Engine] OS env: TAURUS_ARTIFACTS_DIR=/home/ivan/taurus-load-tests/2020-12-21_17-50-59.035036
[2020-12-21 17:50:59,092 DEBUG root] Closing log handler: /tmp/bzt_x1kg9yul.log
[2020-12-21 17:50:59,093 DEBUG root] Switched writing logs to /home/ivan/taurus-load-tests/2020-12-21_17-50-59.035036/bzt.log
[2020-12-21 17:50:59,093 DEBUG root] Linting config
[2020-12-21 17:50:59,096 INFO Engine] Preparing...
[2020-12-21 17:50:59,097 DEBUG Engine] Module config: consolidator {'class': 'bzt.modules.aggregator.ConsolidatingAggregator'}
[2020-12-21 17:50:59,097 DEBUG root] Importing module: bzt.modules.aggregator
[2020-12-21 17:50:59,238 DEBUG root] Loading class: 'ConsolidatingAggregator' from <module 'bzt.modules.aggregator' from '/usr/local/lib/python3.6/dist-packages/bzt/modules/aggregator.py'>
[2020-12-21 17:50:59,238 DEBUG Engine.consolidator] Buffer scaling setup: percentile 95.0 from [0.0, 50.0, 90.0, 95.0, 99.0, 99.9, 100.0] selected
[2020-12-21 17:50:59,238 DEBUG Engine] Module config: monitoring {'class': 'bzt.modules.monitoring.Monitoring'}
[2020-12-21 17:50:59,238 DEBUG root] Importing module: bzt.modules.monitoring
[2020-12-21 17:50:59,240 DEBUG root] Loading class: 'Monitoring' from <module 'bzt.modules.monitoring' from '/usr/local/lib/python3.6/dist-packages/bzt/modules/monitoring.py'>
[2020-12-21 17:50:59,240 WARNING Engine] Module 'monitoring' can be only used once, will merge all new instances into single
[2020-12-21 17:50:59,241 DEBUG Engine] New artifact filename: /home/ivan/taurus-load-tests/2020-12-21_17-50-59.035036/local_monitoring_logs.csv
[2020-12-21 17:50:59,241 DEBUG Engine] Module config: local {'class': 'bzt.modules.provisioning.Local'}
[2020-12-21 17:50:59,241 DEBUG root] Importing module: bzt.modules.provisioning
[2020-12-21 17:50:59,241 DEBUG root] Loading class: 'Local' from <module 'bzt.modules.provisioning' from '/usr/local/lib/python3.6/dist-packages/bzt/modules/provisioning.py'>
[2020-12-21 17:50:59,241 DEBUG Engine] Module config: jmeter {'class': 'bzt.modules.jmeter.JMeterExecutor', 'protocol-handlers': {'http': 'bzt.jmx.http.HTTPProtocolHandler'}, 'plugins': ['jpgc-casutg', 'jpgc-dummy', 'jpgc-ffw', 'jpgc-fifo', 'jpgc-functions', 'jpgc-json', 'jpgc-perfmon', 'jpgc-prmctl', 'jpgc-tst'], 'properties': {'jmeter.save.saveservice.autoflush': 'true', 'jmeter.save.saveservice.connect_time': 'true', 'jmeterengine.force.system.exit': 'true', 'summariser.name': '', 'my_conc': 20, 'my_hold': 20}}
[2020-12-21 17:50:59,241 DEBUG root] Importing module: bzt.modules.jmeter
[2020-12-21 17:50:59,274 DEBUG root] Loading class: 'JMeterExecutor' from <module 'bzt.modules.jmeter' from '/usr/local/lib/python3.6/dist-packages/bzt/modules/jmeter.py'>
[2020-12-21 17:50:59,275 DEBUG Engine.local] Preparing executor: jmeter/140706377015192
[2020-12-21 17:50:59,276 DEBUG Engine] New artifact filename: /home/ivan/taurus-load-tests/2020-12-21_17-50-59.035036/jmeter.log
[2020-12-21 17:50:59,278 DEBUG Engine.jmeter] Checking if port 4445 is free
[2020-12-21 17:50:59,279 DEBUG Engine.jmeter] Port 4445 is free
[2020-12-21 17:50:59,280 DEBUG Engine.jmeter] Using port 4445 for management
[2020-12-21 17:50:59,281 DEBUG Engine] New artifact filename: /home/ivan/taurus-load-tests/2020-12-21_17-50-59.035036/requests.jmx
[2020-12-21 17:50:59,282 DEBUG root] Importing module: bzt.jmx.http
[2020-12-21 17:50:59,283 DEBUG root] Loading class: 'HTTPProtocolHandler' from <module 'bzt.jmx.http' from '/usr/local/lib/python3.6/dist-packages/bzt/jmx/http.py'>
[2020-12-21 17:50:59,288 DEBUG JMeterScenarioBuilder] Saving JMX to: /home/ivan/taurus-load-tests/2020-12-21_17-50-59.035036/requests.jmx
[2020-12-21 17:50:59,294 DEBUG Engine.jmeter] Additional system properties {'sun.net.inetaddr.ttl': 0}
[2020-12-21 17:50:59,295 DEBUG Engine] New artifact filename: /home/ivan/taurus-load-tests/2020-12-21_17-50-59.035036/system.properties
[2020-12-21 17:50:59,296 DEBUG Engine.jmeter] Additional properties: {'jmeter.save.saveservice.autoflush': 'true', 'jmeter.save.saveservice.connect_time': 'true', 'jmeterengine.force.system.exit': 'true', 'summariser.name': '', 'my_conc': 20, 'my_hold': 20, 'jmeterengine.nongui.port': 4445, 'jmeterengine.nongui.maxport': 4445, 'jmeter.save.saveservice.timestamp_format': 'ms', 'sampleresult.default.encoding': 'UTF-8', 'user.classpath': '/home/ivan/taurus-load-tests/2020-12-21_17-50-59.035036:/home/ivan/taurus-load-tests/2020-12-21_17-50-59.035036'}
[2020-12-21 17:50:59,296 DEBUG Engine] New artifact filename: /home/ivan/taurus-load-tests/2020-12-21_17-50-59.035036/jmeter-bzt.properties
[2020-12-21 17:50:59,296 DEBUG Engine.jmeter.JavaVM] Trying JavaVM: ['java', '-version']
[2020-12-21 17:50:59,298 DEBUG root] Executing shell: ['java', '-version'] at .
[2020-12-21 17:50:59,353 DEBUG Engine.jmeter.JavaVM] JavaVM output: openjdk version "11.0.9.1" 2020-11-04
OpenJDK Runtime Environment (build 11.0.9.1+1-Ubuntu-0ubuntu1.18.04)
OpenJDK 64-Bit Server VM (build 11.0.9.1+1-Ubuntu-0ubuntu1.18.04, mixed mode, sharing)

[2020-12-21 17:50:59,354 DEBUG Engine.jmeter.TclLibrary] We don't need to check tcl library on this platform
[2020-12-21 17:50:59,354 DEBUG Engine.jmeter.JMeter] Trying JMeter..
[2020-12-21 17:50:59,355 DEBUG root] Executing shell: ['/home/ivan/.bzt/jmeter-taurus/5.2.1/bin/jmeter.sh', '-j', '/tmp/jmeter10oraknalog', '--version'] at .
[2020-12-21 17:50:59,716 DEBUG urllib3.connectionpool] https://gettaurus.org:443 "GET /updates/?version=1.15.1&installID=linux-80027a07efa HTTP/1.1" 200 40
[2020-12-21 17:50:59,720 DEBUG Engine] Taurus updates info: {'latest': '1.15.1', 'needsUpgrade': False}
[2020-12-21 17:50:59,721 DEBUG Engine] Installation is up-to-date
[2020-12-21 17:51:00,763 DEBUG Engine.jmeter.JMeter] JMeter check:     _    ____   _    ____ _   _ _____       _ __  __ _____ _____ _____ ____
   / \  |  _ \ / \  / ___| | | | ____|     | |  \/  | ____|_   _| ____|  _ \
  / _ \ | |_) / _ \| |   | |_| |  _|    _  | | |\/| |  _|   | | |  _| | |_) |
 / ___ \|  __/ ___ \ |___|  _  | |___  | |_| | |  | | |___  | | | |___|  _ <
/_/   \_\_| /_/   \_\____|_| |_|_____|  \___/|_|  |_|_____| |_| |_____|_| \_\ 5.2.1

Copyright (c) 1999-2019 The Apache Software Foundation

 / 
[2020-12-21 17:51:00,768 DEBUG Engine] New artifact filename: /home/ivan/taurus-load-tests/2020-12-21_17-50-59.035036/kpi.jtl
[2020-12-21 17:51:00,771 DEBUG Engine] New artifact filename: /home/ivan/taurus-load-tests/2020-12-21_17-50-59.035036/error.jtl
[2020-12-21 17:51:00,774 DEBUG Engine.jmeter.LoadSettingsProcessor] Load: LoadSpec(concurrency='${__P(my_conc,3)}', throughput=None, ramp_up=50.0, hold='${__P(my_hold,10)}', iterations=0, duration=1, steps=None)
[2020-12-21 17:51:00,777 DEBUG Engine.jmeter.LoadSettingsProcessor.ThreadGroupHandler] Converting ThreadGroup (Thread Group) to ConcurrencyThreadGroup and apply load parameters
[2020-12-21 17:51:00,779 DEBUG Engine] New artifact filename: /home/ivan/taurus-load-tests/2020-12-21_17-50-59.035036/modified_requests.jmx
[2020-12-21 17:51:00,781 DEBUG JMX] Saving JMX to: /home/ivan/taurus-load-tests/2020-12-21_17-50-59.035036/modified_requests.jmx
[2020-12-21 17:51:00,785 DEBUG root] Executing shell: ['/home/ivan/.bzt/jmeter-taurus/5.2.1/bin/PluginsManagerCMD.sh', 'install-for-jmx', '/home/ivan/taurus-load-tests/2020-12-21_17-50-59.035036/modified_requests.jmx'] at .
[2020-12-21 17:51:03,268 DEBUG Engine.jmeter.JMeter] Try to detect plugins for /home/ivan/taurus-load-tests/2020-12-21_17-50-59.035036/modified_requests.jmx
2020-12-21 17:51:02,105 INFO o.j.r.PluginManagerCMD: Command is: install-for-jmx
2020-12-21 17:51:02,187 INFO o.j.r.JARSourceHTTP: Found cached repo
2020-12-21 17:51:02,508 INFO o.j.r.PluginManager: Plugins Status: [jpgc-functions=2.1, jpgc-casutg=2.9, jpgc-dummy=0.4, jpgc-ffw=2.0, jpgc-fifo=0.2, jpgc-json=2.7, jpgc-prmctl=0.4, jpgc-perfmon=2.1, jpgc-plugins-manager=1.3, jpgc-tst=2.5, jmeter-core=5.2.1, jmeter-ftp=5.2.1, jmeter-http=5.2.1, jmeter-jdbc=5.2.1, jmeter-jms=5.2.1, jmeter-junit=5.2.1, jmeter-java=5.2.1, jmeter-ldap=5.2.1, jmeter-mail=5.2.1, jmeter-mongodb=5.2.1, jmeter-native=5.2.1, jmeter-tcp=5.2.1, jmeter-components=5.2.1]
2020-12-21 17:51:02,512 INFO o.j.r.PluginManagerCMD: Params line is: /home/ivan/taurus-load-tests/2020-12-21_17-50-59.035036/modified_requests.jmx
2020-12-21 17:51:02,856 INFO o.a.j.s.SaveService: Testplan (JMX) version: 2.2. Testlog (JTL) version: 2.2
2020-12-21 17:51:02,868 INFO o.a.j.s.SaveService: Using SaveService properties version 5.0
2020-12-21 17:51:02,875 INFO o.a.j.s.SaveService: Using SaveService properties file encoding UTF-8
2020-12-21 17:51:02,918 INFO o.a.j.p.h.c.CacheManager: Will only cache the following methods: [GET]
2020-12-21 17:51:02,923 INFO o.a.j.p.h.c.CookieManager: Settings: Delete null: true Check: true Allow variable: true Save: false Prefix: COOKIE_
2020-12-21 17:51:03,054 INFO o.a.j.p.h.s.HTTPSamplerBase: Parser for text/html is org.apache.jmeter.protocol.http.parser.LagartoBasedHtmlParser
2020-12-21 17:51:03,055 INFO o.a.j.p.h.s.HTTPSamplerBase: Parser for application/xhtml+xml is org.apache.jmeter.protocol.http.parser.LagartoBasedHtmlParser
2020-12-21 17:51:03,055 INFO o.a.j.p.h.s.HTTPSamplerBase: Parser for application/xml is org.apache.jmeter.protocol.http.parser.LagartoBasedHtmlParser
2020-12-21 17:51:03,056 INFO o.a.j.p.h.s.HTTPSamplerBase: Parser for text/xml is org.apache.jmeter.protocol.http.parser.LagartoBasedHtmlParser
2020-12-21 17:51:03,056 INFO o.a.j.p.h.s.HTTPSamplerBase: Parser for text/vnd.wap.wml is org.apache.jmeter.protocol.http.parser.RegexpHTMLParser
2020-12-21 17:51:03,056 INFO o.a.j.p.h.s.HTTPSamplerBase: Parser for text/css is org.apache.jmeter.protocol.http.parser.CssParser
2020-12-21 17:51:03,191 INFO o.j.r.PluginManager: Finishing without changes

WARNING: An illegal reflective access operation has occurred
WARNING: Illegal reflective access by com.thoughtworks.xstream.core.util.Fields (file:/home/ivan/.bzt/jmeter-taurus/5.2.1/lib/xstream-1.4.11.jar) to field java.util.TreeMap.comparator
WARNING: Please consider reporting this to the maintainers of com.thoughtworks.xstream.core.util.Fields
WARNING: Use --illegal-access=warn to enable warnings of further illegal reflective access operations
WARNING: All illegal access operations will be denied in a future release

[2020-12-21 17:51:03,269 DEBUG Engine] New artifact filename: /home/ivan/taurus-load-tests/2020-12-21_17-50-59.035036/jmeter.out
[2020-12-21 17:51:03,269 DEBUG Engine] New artifact filename: /home/ivan/taurus-load-tests/2020-12-21_17-50-59.035036/jmeter.err
[2020-12-21 17:51:03,271 DEBUG Engine] Module config: final-stats {'class': 'bzt.modules.reporting.FinalStatus'}
[2020-12-21 17:51:03,271 DEBUG root] Importing module: bzt.modules.reporting
[2020-12-21 17:51:03,282 DEBUG easyprocess] version=0.3
[2020-12-21 17:51:03,284 DEBUG pyvirtualdisplay] version=1.3.2
[2020-12-21 17:51:03,289 DEBUG root] Loading class: 'FinalStatus' from <module 'bzt.modules.reporting' from '/usr/local/lib/python3.6/dist-packages/bzt/modules/reporting.py'>
[2020-12-21 17:51:03,290 DEBUG Engine] Module config: console {'class': 'bzt.modules.console.ConsoleStatusReporter'}
[2020-12-21 17:51:03,290 DEBUG root] Importing module: bzt.modules.console
[2020-12-21 17:51:03,290 DEBUG root] Loading class: 'ConsoleStatusReporter' from <module 'bzt.modules.console' from '/usr/local/lib/python3.6/dist-packages/bzt/modules/console.py'>
[2020-12-21 17:51:03,290 DEBUG Engine] Module config: passfail {'class': 'bzt.modules.passfail.PassFailStatus'}
[2020-12-21 17:51:03,291 DEBUG root] Importing module: bzt.modules.passfail
[2020-12-21 17:51:03,291 DEBUG root] Loading class: 'PassFailStatus' from <module 'bzt.modules.passfail' from '/usr/local/lib/python3.6/dist-packages/bzt/modules/passfail.py'>
[2020-12-21 17:51:03,291 WARNING Engine] Module 'console' can be only used once, will merge all new instances into single
[2020-12-21 17:51:03,292 WARNING Engine.jmeter] 
Non-integer concurrency value [str]: ${__P(my_conc,3)} 
[2020-12-21 17:51:03,301 DEBUG root] Importing module: bzt.modules.passfail
[2020-12-21 17:51:03,301 DEBUG root] Loading class: 'DataCriterion' from <module 'bzt.modules.passfail' from '/usr/local/lib/python3.6/dist-packages/bzt/modules/passfail.py'>
[2020-12-21 17:51:03,301 DEBUG root] Importing module: bzt.modules.passfail
[2020-12-21 17:51:03,301 DEBUG root] Loading class: 'DataCriterion' from <module 'bzt.modules.passfail' from '/usr/local/lib/python3.6/dist-packages/bzt/modules/passfail.py'>
[2020-12-21 17:51:03,302 DEBUG root] Importing module: bzt.modules.passfail
[2020-12-21 17:51:03,302 DEBUG root] Loading class: 'DataCriterion' from <module 'bzt.modules.passfail' from '/usr/local/lib/python3.6/dist-packages/bzt/modules/passfail.py'>
[2020-12-21 17:51:03,302 DEBUG root] Importing module: bzt.modules.passfail
[2020-12-21 17:51:03,302 DEBUG root] Loading class: 'DataCriterion' from <module 'bzt.modules.passfail' from '/usr/local/lib/python3.6/dist-packages/bzt/modules/passfail.py'>
[2020-12-21 17:51:03,302 DEBUG root] Importing module: bzt.modules.passfail
[2020-12-21 17:51:03,302 DEBUG root] Loading class: 'DataCriterion' from <module 'bzt.modules.passfail' from '/usr/local/lib/python3.6/dist-packages/bzt/modules/passfail.py'>
[2020-12-21 17:51:03,304 DEBUG root] Importing module: bzt.modules.passfail
[2020-12-21 17:51:03,304 DEBUG root] Loading class: 'DataCriterion' from <module 'bzt.modules.passfail' from '/usr/local/lib/python3.6/dist-packages/bzt/modules/passfail.py'>
[2020-12-21 17:51:03,304 DEBUG root] Importing module: bzt.modules.monitoring
[2020-12-21 17:51:03,304 DEBUG root] Loading class: 'MonitoringCriteria' from <module 'bzt.modules.monitoring' from '/usr/local/lib/python3.6/dist-packages/bzt/modules/monitoring.py'>
[2020-12-21 17:51:03,310 DEBUG Engine.Configuration] Dumping YAML config into /home/ivan/taurus-load-tests/2020-12-21_17-50-59.035036/effective.yml
[2020-12-21 17:51:03,354 DEBUG Engine.Configuration] Dumping JSON config into /home/ivan/taurus-load-tests/2020-12-21_17-50-59.035036/effective.json
[2020-12-21 17:51:03,355 INFO Engine] Starting...
[2020-12-21 17:51:03,356 DEBUG Engine] Startup <bzt.modules.monitoring.Monitoring object at 0x7ff8ce3f76d8>
[2020-12-21 17:51:03,356 DEBUG Engine] Startup <bzt.modules.aggregator.ConsolidatingAggregator object at 0x7ff8ce3f7fd0>
[2020-12-21 17:51:03,357 DEBUG Engine] Startup <bzt.modules.reporting.FinalStatus object at 0x7ff8d44ddc18>
[2020-12-21 17:51:03,357 DEBUG Engine] Startup <bzt.modules.console.ConsoleStatusReporter object at 0x7ff8c197a358>
[2020-12-21 17:51:03,357 INFO Engine.console] Waiting for results...
[2020-12-21 17:51:03,357 DEBUG Engine] Startup <bzt.modules.passfail.PassFailStatus object at 0x7ff8c1913ac8>
[2020-12-21 17:51:03,357 DEBUG Engine] Startup <bzt.modules.reporting.FinalStatus object at 0x7ff8c16ae7f0>
[2020-12-21 17:51:03,358 DEBUG Engine] Startup <bzt.modules.provisioning.Local object at 0x7ff8c19c8438>
[2020-12-21 17:51:03,358 DEBUG Engine.local] Delay setup for jmeter/Thread Group: 0(start-at) + 0(delay) = 0
[2020-12-21 17:51:03,360 DEBUG Engine.Configuration] Dumping YAML config into /home/ivan/taurus-load-tests/2020-12-21_17-50-59.035036/effective.yml
[2020-12-21 17:51:03,397 DEBUG Engine.Configuration] Dumping JSON config into /home/ivan/taurus-load-tests/2020-12-21_17-50-59.035036/effective.json
[2020-12-21 17:51:03,398 DEBUG root] Leveling down log file verbosity to INFO, use -v option to have DEBUG messages enabled
[2020-12-21 17:51:03,398 DEBUG root] Leveled up log file verbosity
[2020-12-21 17:51:03,399 DEBUG root] Executing shell: ['/home/ivan/.bzt/jmeter-taurus/5.2.1/bin/jmeter.sh', '-t', '/home/ivan/taurus-load-tests/2020-12-21_17-50-59.035036/modified_requests.jmx', '-j', '/home/ivan/taurus-load-tests/2020-12-21_17-50-59.035036/jmeter.log', '-q', '/home/ivan/taurus-load-tests/2020-12-21_17-50-59.035036/jmeter-bzt.properties', '-n', '-S', '/home/ivan/taurus-load-tests/2020-12-21_17-50-59.035036/system.properties'] at /home/ivan/taurus-load-tests
[2020-12-21 17:51:03,408 DEBUG Engine.local] Starting execution: jmeter/Thread Group, rest of available slots: 9223372036854775806
[2020-12-21 17:51:03,409 DEBUG root] Leveling down log file verbosity to INFO, use -v option to have DEBUG messages enabled
[2020-12-21 17:51:03,620 INFO Engine.console] Waiting for finish...
[2020-12-21 17:51:11,495 INFO Engine.jmeter.JTLReader] Changed data analysis delay to 3s
[2020-12-21 17:51:23,523 INFO Engine.jmeter.JTLReader] Changed data analysis delay to 4s
[2020-12-21 17:52:20,015 WARNING Engine] Please wait for graceful shutdown...
[2020-12-21 17:52:20,027 DEBUG root] Leveled up log file verbosity
[2020-12-21 17:52:20,027 INFO Engine] Shutting down...
[2020-12-21 17:52:20,039 DEBUG Engine] Current stop reason: None
[2020-12-21 17:52:20,040 DEBUG Engine.local] Shutdown jmeter/Thread Group
[2020-12-21 17:52:20,040 DEBUG Engine.console] Restoring logging streams, [<StreamHandler (INFO)>]/{<StreamHandler (INFO)>: <_io.TextIOWrapper name='<stdout>' mode='w' encoding='UTF-8'>}
[2020-12-21 17:52:20,042 DEBUG Engine.Configuration] Dumping YAML config into /home/ivan/taurus-load-tests/2020-12-21_17-50-59.035036/effective.yml
[2020-12-21 17:52:20,073 DEBUG Engine.Configuration] Dumping JSON config into /home/ivan/taurus-load-tests/2020-12-21_17-50-59.035036/effective.json
[2020-12-21 17:52:20,074 INFO Engine] Post-processing...
[2020-12-21 17:52:20,074 DEBUG Engine.local] Post-process jmeter/Thread Group
[2020-12-21 17:52:20,074 DEBUG Engine] Add existing artifact (move=True): /home/ivan/taurus-load-tests/2020-12-21_17-50-59.035036/modified_requests.jmx
[2020-12-21 17:52:20,074 DEBUG Engine] No need to copy /home/ivan/taurus-load-tests/2020-12-21_17-50-59.035036/modified_requests.jmx
[2020-12-21 17:52:20,075 DEBUG Engine.jmeter.JTLReader] Buffer len: 4; Known errors count: 0
[2020-12-21 17:52:20,075 DEBUG Engine.jmeter.JTLReader] Aggregating: 1608594733, 4 in buffer
[2020-12-21 17:52:20,080 DEBUG Engine.jmeter.JTLReader] Aggregating: 1608594734, 3 in buffer
[2020-12-21 17:52:20,086 DEBUG Engine.jmeter.JTLReader] Aggregating: 1608594735, 2 in buffer
[2020-12-21 17:52:20,090 DEBUG Engine.jmeter.JTLReader] Aggregating: 1608594736, 1 in buffer
[2020-12-21 17:52:20,095 DEBUG Engine.jmeter.JTLReader] Buffer len: 0; Known errors count: 0
[2020-12-21 17:52:20,096 DEBUG Engine.consolidator] Consolidator buffer[6]: dict_keys([1608594731, 1608594732, 1608594733, 1608594734, 1608594735, 1608594736])
[2020-12-21 17:52:20,096 DEBUG Engine.consolidator] Merging into 1608594731
[2020-12-21 17:52:20,096 DEBUG Engine.consolidator] Bypassing consolidation because of single result
[2020-12-21 17:52:20,186 DEBUG Engine.passfail] 1608594731 Alert: avg-rt>1000ms for -9223372036854775806 sec: False
[2020-12-21 17:52:20,186 DEBUG Engine.passfail] No label GET blazedemo  in dict_keys(['POST purchase flight', 'POST reserve flight', 'POST purchase confirmation', 'GET index page', 'GET vacation page', 'GET login page', 'GET blazedemo', ''])
[2020-12-21 17:52:20,186 DEBUG Engine.passfail] No label POST purchase flight  in dict_keys(['POST purchase flight', 'POST reserve flight', 'POST purchase confirmation', 'GET index page', 'GET vacation page', 'GET login page', 'GET blazedemo', ''])
[2020-12-21 17:52:20,186 DEBUG Engine.passfail] No label GET login page  in dict_keys(['POST purchase flight', 'POST reserve flight', 'POST purchase confirmation', 'GET index page', 'GET vacation page', 'GET login page', 'GET blazedemo', ''])
[2020-12-21 17:52:20,186 DEBUG Engine.consolidator] Processed datapoint: 1608594731/ConsolidatingAggregator@140706588884944
[2020-12-21 17:52:20,186 DEBUG Engine.consolidator] Merging into 1608594732
[2020-12-21 17:52:20,187 DEBUG Engine.consolidator] Bypassing consolidation because of single result
[2020-12-21 17:52:20,287 DEBUG Engine.passfail] 1608594732 Alert: avg-rt>1000ms for 1 sec: True
[2020-12-21 17:52:20,287 DEBUG Engine.passfail] No label GET blazedemo  in dict_keys(['POST purchase confirmation', 'GET index page', 'POST purchase flight', 'GET login page', 'GET vacation page', 'POST reserve flight', 'GET blazedemo', ''])
[2020-12-21 17:52:20,287 DEBUG Engine.passfail] No label POST purchase flight  in dict_keys(['POST purchase confirmation', 'GET index page', 'POST purchase flight', 'GET login page', 'GET vacation page', 'POST reserve flight', 'GET blazedemo', ''])
[2020-12-21 17:52:20,287 DEBUG Engine.passfail] No label GET login page  in dict_keys(['POST purchase confirmation', 'GET index page', 'POST purchase flight', 'GET login page', 'GET vacation page', 'POST reserve flight', 'GET blazedemo', ''])
[2020-12-21 17:52:20,287 DEBUG Engine.consolidator] Processed datapoint: 1608594732/ConsolidatingAggregator@140706588884944
[2020-12-21 17:52:20,287 DEBUG Engine.consolidator] Merging into 1608594733
[2020-12-21 17:52:20,287 DEBUG Engine.consolidator] Bypassing consolidation because of single result
[2020-12-21 17:52:20,385 DEBUG Engine.passfail] 1608594733 Alert: avg-rt>1000ms for -9223372036854775806 sec: False
[2020-12-21 17:52:20,385 DEBUG Engine.passfail] No label GET blazedemo  in dict_keys(['POST reserve flight', 'GET index page', 'GET vacation page', 'POST purchase flight', 'POST purchase confirmation', 'GET blazedemo', 'GET login page', ''])
[2020-12-21 17:52:20,385 DEBUG Engine.passfail] No label POST purchase flight  in dict_keys(['POST reserve flight', 'GET index page', 'GET vacation page', 'POST purchase flight', 'POST purchase confirmation', 'GET blazedemo', 'GET login page', ''])
[2020-12-21 17:52:20,385 DEBUG Engine.passfail] No label GET login page  in dict_keys(['POST reserve flight', 'GET index page', 'GET vacation page', 'POST purchase flight', 'POST purchase confirmation', 'GET blazedemo', 'GET login page', ''])
[2020-12-21 17:52:20,385 DEBUG Engine.consolidator] Processed datapoint: 1608594733/ConsolidatingAggregator@140706588884944
[2020-12-21 17:52:20,385 DEBUG Engine.consolidator] Merging into 1608594734
[2020-12-21 17:52:20,385 DEBUG Engine.consolidator] Bypassing consolidation because of single result
[2020-12-21 17:52:20,471 DEBUG Engine.passfail] 1608594734 Alert: avg-rt>1000ms for -9223372036854775806 sec: False
[2020-12-21 17:52:20,472 DEBUG Engine.passfail] No label GET blazedemo  in dict_keys(['GET index page', 'POST purchase flight', 'POST purchase confirmation', 'POST reserve flight', 'GET vacation page', 'GET login page', 'GET blazedemo', ''])
[2020-12-21 17:52:20,472 DEBUG Engine.passfail] No label POST purchase flight  in dict_keys(['GET index page', 'POST purchase flight', 'POST purchase confirmation', 'POST reserve flight', 'GET vacation page', 'GET login page', 'GET blazedemo', ''])
[2020-12-21 17:52:20,472 DEBUG Engine.passfail] No label GET login page  in dict_keys(['GET index page', 'POST purchase flight', 'POST purchase confirmation', 'POST reserve flight', 'GET vacation page', 'GET login page', 'GET blazedemo', ''])
[2020-12-21 17:52:20,472 DEBUG Engine.consolidator] Processed datapoint: 1608594734/ConsolidatingAggregator@140706588884944
[2020-12-21 17:52:20,472 DEBUG Engine.consolidator] Merging into 1608594735
[2020-12-21 17:52:20,472 DEBUG Engine.consolidator] Bypassing consolidation because of single result
[2020-12-21 17:52:20,566 DEBUG Engine.passfail] 1608594735 Alert: avg-rt>1000ms for -9223372036854775806 sec: False
[2020-12-21 17:52:20,566 DEBUG Engine.passfail] No label GET blazedemo  in dict_keys(['POST purchase confirmation', 'POST reserve flight', 'GET index page', 'GET vacation page', 'POST purchase flight', 'GET login page', ''])
[2020-12-21 17:52:20,566 DEBUG Engine.passfail] No label POST purchase flight  in dict_keys(['POST purchase confirmation', 'POST reserve flight', 'GET index page', 'GET vacation page', 'POST purchase flight', 'GET login page', ''])
[2020-12-21 17:52:20,567 DEBUG Engine.passfail] No label GET login page  in dict_keys(['POST purchase confirmation', 'POST reserve flight', 'GET index page', 'GET vacation page', 'POST purchase flight', 'GET login page', ''])
[2020-12-21 17:52:20,567 DEBUG Engine.consolidator] Processed datapoint: 1608594735/ConsolidatingAggregator@140706588884944
[2020-12-21 17:52:20,567 DEBUG Engine.consolidator] Merging into 1608594736
[2020-12-21 17:52:20,567 DEBUG Engine.consolidator] Bypassing consolidation because of single result
[2020-12-21 17:52:20,648 DEBUG Engine.passfail] 1608594736 Alert: avg-rt>1000ms for -9223372036854775806 sec: False
[2020-12-21 17:52:20,648 DEBUG Engine.passfail] No label GET blazedemo  in dict_keys(['POST reserve flight', 'POST purchase flight', 'GET index page', 'POST purchase confirmation', 'GET blazedemo', 'GET vacation page', 'GET login page', ''])
[2020-12-21 17:52:20,648 DEBUG Engine.passfail] No label POST purchase flight  in dict_keys(['POST reserve flight', 'POST purchase flight', 'GET index page', 'POST purchase confirmation', 'GET blazedemo', 'GET vacation page', 'GET login page', ''])
[2020-12-21 17:52:20,648 DEBUG Engine.passfail] No label GET login page  in dict_keys(['POST reserve flight', 'POST purchase flight', 'GET index page', 'POST purchase confirmation', 'GET blazedemo', 'GET vacation page', 'GET login page', ''])
[2020-12-21 17:52:20,648 DEBUG Engine.consolidator] Processed datapoint: 1608594736/ConsolidatingAggregator@140706588884944
[2020-12-21 17:52:20,649 INFO Engine.final-stats] Test duration: 0:01:17
[2020-12-21 17:52:20,649 INFO Engine.final-stats] Samples count: 1142, 0.00% failures
[2020-12-21 17:52:20,649 INFO Engine.final-stats] Average times: total 0.793, latency 0.111, connect 0.014
[2020-12-21 17:52:20,650 INFO Engine.final-stats] Percentiles:
(0lqqqqqqqqqqqqqqqwqqqqqqqqqqqqqqqk(B
(0x(B Percentile, % (0x(B Resp. Time, s (0x(B
(0tqqqqqqqqqqqqqqqnqqqqqqqqqqqqqqqu(B
(0x(B           0.0 (0x(B         0.211 (0x(B
(0x(B          50.0 (0x(B         0.545 (0x(B
(0x(B          90.0 (0x(B         1.409 (0x(B
(0x(B          95.0 (0x(B          1.98 (0x(B
(0x(B          99.0 (0x(B         4.364 (0x(B
(0x(B          99.9 (0x(B          7.02 (0x(B
(0x(B         100.0 (0x(B         7.748 (0x(B
(0mqqqqqqqqqqqqqqqvqqqqqqqqqqqqqqqj(B
[2020-12-21 17:52:20,651 INFO Engine.final-stats] Request label stats:
(0lqqqqqqqqqqqqqqqqqqqqqqqqqqqqwqqqqqqqqwqqqqqqqqqwqqqqqqqqwqqqqqqqk(B
(0x(B label                      (0x(B status (0x(B    succ (0x(B avg_rt (0x(B error (0x(B
(0tqqqqqqqqqqqqqqqqqqqqqqqqqqqqnqqqqqqqqnqqqqqqqqqnqqqqqqqqnqqqqqqqu(B
(0x(B GET blazedemo              (0x(B   OK   (0x(B 100.00% (0x(B  1.323 (0x(B       (0x(B
(0x(B GET index page             (0x(B   OK   (0x(B 100.00% (0x(B  0.542 (0x(B       (0x(B
(0x(B GET login page             (0x(B   OK   (0x(B 100.00% (0x(B  1.233 (0x(B       (0x(B
(0x(B GET vacation page          (0x(B   OK   (0x(B 100.00% (0x(B  0.972 (0x(B       (0x(B
(0x(B POST purchase confirmation (0x(B   OK   (0x(B 100.00% (0x(B  0.521 (0x(B       (0x(B
(0x(B POST purchase flight       (0x(B   OK   (0x(B 100.00% (0x(B  0.474 (0x(B       (0x(B
(0x(B POST reserve flight        (0x(B   OK   (0x(B 100.00% (0x(B  0.489 (0x(B       (0x(B
(0mqqqqqqqqqqqqqqqqqqqqqqqqqqqqvqqqqqqqqvqqqqqqqqqvqqqqqqqqvqqqqqqqj(B
[2020-12-21 17:52:20,652 DEBUG Engine.console] No logger_handler or orig_stream was detected
[2020-12-21 17:52:20,652 DEBUG Engine.passfail] 1608594736 Alert: avg-lt>2 for -9223372036854775806 sec: False
[2020-12-21 17:52:20,652 WARNING Engine.passfail] Alert: stdev-rt>0.5 for 1 sec
[2020-12-21 17:52:20,652 DEBUG Engine.passfail] 1608594736 Failed: stdev-rt>0.5 for 1 sec: True
[2020-12-21 17:52:20,652 WARNING Engine.passfail] Failed: stdev-rt>0.5 for 1 sec
[2020-12-21 17:52:20,652 DEBUG Engine] post_process: Failed: stdev-rt>0.5 for 1 sec
[2020-12-21 17:52:20,652 INFO Engine.final-stats] Test duration: 0:01:17
[2020-12-21 17:52:20,653 INFO Engine.final-stats] Samples count: 1142, 0.00% failures
[2020-12-21 17:52:20,653 INFO Engine.final-stats] Average times: total 0.793, latency 0.111, connect 0.014
[2020-12-21 17:52:20,653 INFO Engine.final-stats] Percentiles:
(0lqqqqqqqqqqqqqqqwqqqqqqqqqqqqqqqk(B
(0x(B Percentile, % (0x(B Resp. Time, s (0x(B
(0tqqqqqqqqqqqqqqqnqqqqqqqqqqqqqqqu(B
(0x(B           0.0 (0x(B         0.211 (0x(B
(0x(B          50.0 (0x(B         0.545 (0x(B
(0x(B          90.0 (0x(B         1.409 (0x(B
(0x(B          95.0 (0x(B          1.98 (0x(B
(0x(B          99.0 (0x(B         4.364 (0x(B
(0x(B          99.9 (0x(B          7.02 (0x(B
(0x(B         100.0 (0x(B         7.748 (0x(B
(0mqqqqqqqqqqqqqqqvqqqqqqqqqqqqqqqj(B
[2020-12-21 17:52:20,654 INFO Engine.final-stats] Request label stats:
(0lqqqqqqqqqqqqqqqqqqqqqqqqqqqqwqqqqqqqqwqqqqqqqqqwqqqqqqqqwqqqqqqqk(B
(0x(B label                      (0x(B status (0x(B    succ (0x(B avg_rt (0x(B error (0x(B
(0tqqqqqqqqqqqqqqqqqqqqqqqqqqqqnqqqqqqqqnqqqqqqqqqnqqqqqqqqnqqqqqqqu(B
(0x(B GET blazedemo              (0x(B   OK   (0x(B 100.00% (0x(B  1.323 (0x(B       (0x(B
(0x(B GET index page             (0x(B   OK   (0x(B 100.00% (0x(B  0.542 (0x(B       (0x(B
(0x(B GET login page             (0x(B   OK   (0x(B 100.00% (0x(B  1.233 (0x(B       (0x(B
(0x(B GET vacation page          (0x(B   OK   (0x(B 100.00% (0x(B  0.972 (0x(B       (0x(B
(0x(B POST purchase confirmation (0x(B   OK   (0x(B 100.00% (0x(B  0.521 (0x(B       (0x(B
(0x(B POST purchase flight       (0x(B   OK   (0x(B 100.00% (0x(B  0.474 (0x(B       (0x(B
(0x(B POST reserve flight        (0x(B   OK   (0x(B 100.00% (0x(B  0.489 (0x(B       (0x(B
(0mqqqqqqqqqqqqqqqqqqqqqqqqqqqqvqqqqqqqqvqqqqqqqqqvqqqqqqqqvqqqqqqqj(B
[2020-12-21 17:52:20,655 INFO Engine.final-stats] Dumping final status as CSV: test_csv_output.csv
[2020-12-21 17:52:21,262 DEBUG Engine.Configuration] Dumping YAML config into /home/ivan/taurus-load-tests/2020-12-21_17-50-59.035036/effective.yml
[2020-12-21 17:52:21,292 DEBUG Engine.Configuration] Dumping JSON config into /home/ivan/taurus-load-tests/2020-12-21_17-50-59.035036/effective.json
[2020-12-21 17:52:21,293 WARNING root] Automated shutdown
[2020-12-21 17:52:21,295 DEBUG root] AutomatedShutdown: Failed: stdev-rt>0.5 for 1 sec
  File "/usr/local/lib/python3.6/dist-packages/bzt/cli.py", line 269, in perform
    self.engine.post_process()
  File "/usr/local/lib/python3.6/dist-packages/bzt/engine/engine.py", line 354, in post_process
    reraise(exc_info, exc_value)
  File "/usr/local/lib/python3.6/dist-packages/bzt/utils.py", line 103, in reraise
    raise exc
  File "/usr/local/lib/python3.6/dist-packages/bzt/engine/engine.py", line 340, in post_process
    module.post_process()
  File "/usr/local/lib/python3.6/dist-packages/bzt/modules/passfail.py", line 135, in post_process
    processor.post_process()
  File "/usr/local/lib/python3.6/dist-packages/bzt/modules/passfail.py", line 97, in post_process
    raise AutomatedShutdown("%s" % crit)
[2020-12-21 17:52:21,295 INFO root] Artifacts dir: /home/ivan/taurus-load-tests/2020-12-21_17-50-59.035036
[2020-12-21 17:52:21,295 WARNING root] Done performing with code: 3
[2020-12-21 17:52:21,295 DEBUG root] Closing log handler: /home/ivan/taurus-load-tests/2020-12-21_17-50-59.035036/bzt.log
