2020-12-21 17:51:04,821 INFO o.a.j.u.JMeterUtils: Setting Locale to en_CA
2020-12-21 17:51:04,853 INFO o.a.j.JMeter: Loading user properties from: /home/ivan/.bzt/jmeter-taurus/5.2.1/bin/user.properties
2020-12-21 17:51:04,854 INFO o.a.j.JMeter: Loading system properties from: /home/ivan/.bzt/jmeter-taurus/5.2.1/bin/system.properties
2020-12-21 17:51:04,854 INFO o.a.j.JMeter: Loading additional properties from: /home/ivan/taurus-load-tests/2020-12-21_17-50-59.035036/jmeter-bzt.properties
2020-12-21 17:51:04,855 INFO o.a.j.JMeter: Setting System properties from file: /home/ivan/taurus-load-tests/2020-12-21_17-50-59.035036/system.properties
2020-12-21 17:51:04,857 INFO o.a.j.JMeter: Copyright (c) 1998-2019 The Apache Software Foundation
2020-12-21 17:51:04,858 INFO o.a.j.JMeter: Version 5.2.1
2020-12-21 17:51:04,858 INFO o.a.j.JMeter: java.version=11.0.9.1
2020-12-21 17:51:04,858 INFO o.a.j.JMeter: java.vm.name=OpenJDK 64-Bit Server VM
2020-12-21 17:51:04,858 INFO o.a.j.JMeter: os.name=Linux
2020-12-21 17:51:04,858 INFO o.a.j.JMeter: os.arch=amd64
2020-12-21 17:51:04,859 INFO o.a.j.JMeter: os.version=5.4.0-58-generic
2020-12-21 17:51:04,859 INFO o.a.j.JMeter: file.encoding=UTF-8
2020-12-21 17:51:04,859 INFO o.a.j.JMeter: java.awt.headless=true
2020-12-21 17:51:04,859 INFO o.a.j.JMeter: Max memory     =1021313024
2020-12-21 17:51:04,859 INFO o.a.j.JMeter: Available Processors =2
2020-12-21 17:51:04,869 INFO o.a.j.JMeter: Default Locale=English (Canada)
2020-12-21 17:51:04,869 INFO o.a.j.JMeter: JMeter  Locale=English (Canada)
2020-12-21 17:51:04,870 INFO o.a.j.JMeter: JMeterHome=/home/ivan/.bzt/jmeter-taurus/5.2.1
2020-12-21 17:51:04,870 INFO o.a.j.JMeter: user.dir  =/home/ivan/taurus-load-tests
2020-12-21 17:51:04,870 INFO o.a.j.JMeter: PWD       =/home/ivan/taurus-load-tests
2020-12-21 17:51:04,871 INFO o.a.j.JMeter: IP: 127.0.1.1 Name: ivan-VirtualBox FullName: ivan-VirtualBox
2020-12-21 17:51:04,871 INFO o.a.j.JMeter: user.classpath=/home/ivan/taurus-load-tests/2020-12-21_17-50-59.035036:/home/ivan/taurus-load-tests/2020-12-21_17-50-59.035036
2020-12-21 17:51:04,871 INFO o.a.j.JMeter: Adding to classpath and loader: /home/ivan/taurus-load-tests/2020-12-21_17-50-59.035036
2020-12-21 17:51:04,874 INFO o.a.j.JMeter: Adding to classpath and loader: /home/ivan/taurus-load-tests/2020-12-21_17-50-59.035036
2020-12-21 17:51:04,884 INFO o.a.j.s.FileServer: Default base='/home/ivan/taurus-load-tests'
2020-12-21 17:51:04,887 INFO o.a.j.s.FileServer: Set new base='/home/ivan/taurus-load-tests/2020-12-21_17-50-59.035036'
2020-12-21 17:51:05,192 INFO o.a.j.s.SaveService: Testplan (JMX) version: 2.2. Testlog (JTL) version: 2.2
2020-12-21 17:51:05,215 INFO o.a.j.s.SaveService: Using SaveService properties version 5.0
2020-12-21 17:51:05,223 INFO o.a.j.s.SaveService: Using SaveService properties file encoding UTF-8
2020-12-21 17:51:05,234 INFO o.a.j.s.SaveService: Loading file: /home/ivan/taurus-load-tests/2020-12-21_17-50-59.035036/modified_requests.jmx
2020-12-21 17:51:05,312 INFO o.a.j.p.h.c.CacheManager: Will only cache the following methods: [GET]
2020-12-21 17:51:05,317 INFO o.a.j.p.h.c.CookieManager: Settings: Delete null: true Check: true Allow variable: true Save: false Prefix: COOKIE_
2020-12-21 17:51:05,336 INFO o.a.j.p.h.s.HTTPSamplerBase: Parser for text/html is org.apache.jmeter.protocol.http.parser.LagartoBasedHtmlParser
2020-12-21 17:51:05,337 INFO o.a.j.p.h.s.HTTPSamplerBase: Parser for application/xhtml+xml is org.apache.jmeter.protocol.http.parser.LagartoBasedHtmlParser
2020-12-21 17:51:05,338 INFO o.a.j.p.h.s.HTTPSamplerBase: Parser for application/xml is org.apache.jmeter.protocol.http.parser.LagartoBasedHtmlParser
2020-12-21 17:51:05,339 INFO o.a.j.p.h.s.HTTPSamplerBase: Parser for text/xml is org.apache.jmeter.protocol.http.parser.LagartoBasedHtmlParser
2020-12-21 17:51:05,340 INFO o.a.j.p.h.s.HTTPSamplerBase: Parser for text/vnd.wap.wml is org.apache.jmeter.protocol.http.parser.RegexpHTMLParser
2020-12-21 17:51:05,342 INFO o.a.j.p.h.s.HTTPSamplerBase: Parser for text/css is org.apache.jmeter.protocol.http.parser.CssParser
2020-12-21 17:51:05,409 INFO o.a.j.e.StandardJMeterEngine: Running the test!
2020-12-21 17:51:05,415 INFO o.a.j.s.SampleEvent: List of sample_variables: []
2020-12-21 17:51:05,415 INFO o.a.j.s.SampleEvent: List of sample_variables: []
2020-12-21 17:51:05,430 INFO o.a.j.e.u.CompoundVariable: Note: Function class names must contain the string: '.functions.'
2020-12-21 17:51:05,432 INFO o.a.j.e.u.CompoundVariable: Note: Function class names must not contain the string: '.gui.'
2020-12-21 17:51:06,046 INFO o.a.j.JMeter: Running test (1608594666046)
2020-12-21 17:51:06,092 INFO o.a.j.e.StandardJMeterEngine: Starting ThreadGroup: 1 : Thread Group
2020-12-21 17:51:06,092 INFO o.a.j.e.StandardJMeterEngine: Starting 20 threads for group Thread Group.
2020-12-21 17:51:06,092 INFO o.a.j.e.StandardJMeterEngine: Thread will continue on error
2020-12-21 17:51:06,101 INFO o.a.j.e.StandardJMeterEngine: All thread groups have been started
2020-12-21 17:51:06,102 INFO c.b.j.t.c.ConcurrencyThreadStarter: Start supplying threads
2020-12-21 17:51:07,417 INFO o.a.j.s.SampleResult: Note: Sample TimeStamps are START times
2020-12-21 17:51:07,426 INFO o.a.j.s.SampleResult: sampleresult.default.encoding is set to UTF-8
2020-12-21 17:51:07,427 INFO o.a.j.s.SampleResult: sampleresult.useNanoTime=true
2020-12-21 17:51:07,428 INFO o.a.j.s.SampleResult: sampleresult.nanoThreadSleep=5000
2020-12-21 17:51:07,432 INFO o.a.j.t.JMeterThread: Thread started: Thread Group-ThreadStarter 1-1
2020-12-21 17:51:07,477 INFO o.a.j.p.h.s.HTTPHCAbstractImpl: Local host = ivan-VirtualBox
2020-12-21 17:51:07,484 INFO o.a.j.p.h.s.HTTPHC4Impl: HTTP request retry count = 0
2020-12-21 17:51:07,723 INFO o.a.j.p.h.s.h.LazyLayeredConnectionSocketFactory: Setting up HTTPS TrustAll Socket Factory
2020-12-21 17:51:07,738 INFO o.a.j.u.JsseSSLManager: Using default SSL protocol: TLS
2020-12-21 17:51:07,738 INFO o.a.j.u.JsseSSLManager: SSL session context: per-thread
2020-12-21 17:51:07,909 INFO o.a.j.u.SSLManager: JmeterKeyStore Location:  type JKS
2020-12-21 17:51:07,914 INFO o.a.j.u.SSLManager: KeyStore created OK
2020-12-21 17:51:07,916 WARN o.a.j.u.SSLManager: Keystore file not found, loading empty keystore
2020-12-21 17:51:08,700 INFO o.a.j.p.h.p.BaseParser: Created org.apache.jmeter.protocol.http.parser.LagartoBasedHtmlParser
2020-12-21 17:51:08,749 INFO o.a.j.p.h.s.ResourcesDownloader: Creating ResourcesDownloader with keepalive_inseconds : 60
2020-12-21 17:51:09,174 INFO o.a.j.p.h.p.BaseParser: Created org.apache.jmeter.protocol.http.parser.CssParser
2020-12-21 17:51:10,453 INFO o.a.j.t.JMeterThread: Thread started: Thread Group-ThreadStarter 1-2
2020-12-21 17:51:12,464 INFO o.a.j.t.JMeterThread: Thread started: Thread Group-ThreadStarter 1-3
2020-12-21 17:51:15,468 INFO o.a.j.t.JMeterThread: Thread started: Thread Group-ThreadStarter 1-4
2020-12-21 17:51:17,482 INFO o.a.j.t.JMeterThread: Thread started: Thread Group-ThreadStarter 1-5
2020-12-21 17:51:20,481 INFO o.a.j.t.JMeterThread: Thread started: Thread Group-ThreadStarter 1-6
2020-12-21 17:51:22,482 INFO o.a.j.t.JMeterThread: Thread started: Thread Group-ThreadStarter 1-7
2020-12-21 17:51:25,483 INFO o.a.j.t.JMeterThread: Thread started: Thread Group-ThreadStarter 1-8
2020-12-21 17:51:27,492 INFO o.a.j.t.JMeterThread: Thread started: Thread Group-ThreadStarter 1-9
2020-12-21 17:51:30,502 INFO o.a.j.t.JMeterThread: Thread started: Thread Group-ThreadStarter 1-10
2020-12-21 17:51:32,514 INFO o.a.j.t.JMeterThread: Thread started: Thread Group-ThreadStarter 1-11
2020-12-21 17:51:35,531 INFO o.a.j.t.JMeterThread: Thread started: Thread Group-ThreadStarter 1-12
2020-12-21 17:51:37,539 INFO o.a.j.t.JMeterThread: Thread started: Thread Group-ThreadStarter 1-13
2020-12-21 17:51:40,541 INFO o.a.j.t.JMeterThread: Thread started: Thread Group-ThreadStarter 1-14
2020-12-21 17:51:42,543 INFO o.a.j.t.JMeterThread: Thread started: Thread Group-ThreadStarter 1-15
2020-12-21 17:51:45,590 INFO o.a.j.t.JMeterThread: Thread started: Thread Group-ThreadStarter 1-16
2020-12-21 17:51:47,604 INFO o.a.j.t.JMeterThread: Thread started: Thread Group-ThreadStarter 1-17
2020-12-21 17:51:50,615 INFO o.a.j.t.JMeterThread: Thread started: Thread Group-ThreadStarter 1-18
2020-12-21 17:51:52,633 INFO o.a.j.t.JMeterThread: Thread started: Thread Group-ThreadStarter 1-19
2020-12-21 17:51:55,630 INFO o.a.j.t.JMeterThread: Thread started: Thread Group-ThreadStarter 1-20
2020-12-21 17:52:16,683 INFO c.b.j.t.c.ConcurrencyThreadStarter: Done supplying threads
2020-12-21 17:52:16,713 INFO o.a.j.t.JMeterThread: Thread is done: Thread Group-ThreadStarter 1-11
2020-12-21 17:52:16,714 INFO o.a.j.t.JMeterThread: Thread finished: Thread Group-ThreadStarter 1-11
2020-12-21 17:52:16,756 INFO o.a.j.t.JMeterThread: Thread is done: Thread Group-ThreadStarter 1-16
2020-12-21 17:52:16,756 INFO o.a.j.t.JMeterThread: Thread finished: Thread Group-ThreadStarter 1-16
2020-12-21 17:52:16,774 INFO o.a.j.t.JMeterThread: Thread is done: Thread Group-ThreadStarter 1-1
2020-12-21 17:52:16,775 INFO o.a.j.t.JMeterThread: Thread finished: Thread Group-ThreadStarter 1-1
2020-12-21 17:52:16,818 INFO o.a.j.t.JMeterThread: Thread is done: Thread Group-ThreadStarter 1-14
2020-12-21 17:52:16,819 INFO o.a.j.t.JMeterThread: Thread finished: Thread Group-ThreadStarter 1-14
2020-12-21 17:52:16,872 INFO o.a.j.t.JMeterThread: Thread is done: Thread Group-ThreadStarter 1-17
2020-12-21 17:52:16,874 INFO o.a.j.t.JMeterThread: Thread finished: Thread Group-ThreadStarter 1-17
2020-12-21 17:52:16,883 INFO o.a.j.t.JMeterThread: Thread is done: Thread Group-ThreadStarter 1-20
2020-12-21 17:52:16,883 INFO o.a.j.t.JMeterThread: Thread is done: Thread Group-ThreadStarter 1-19
2020-12-21 17:52:16,883 INFO o.a.j.t.JMeterThread: Thread finished: Thread Group-ThreadStarter 1-20
2020-12-21 17:52:16,883 INFO o.a.j.t.JMeterThread: Thread finished: Thread Group-ThreadStarter 1-19
2020-12-21 17:52:16,944 INFO o.a.j.t.JMeterThread: Thread is done: Thread Group-ThreadStarter 1-15
2020-12-21 17:52:16,944 INFO o.a.j.t.JMeterThread: Thread finished: Thread Group-ThreadStarter 1-15
2020-12-21 17:52:16,953 INFO o.a.j.t.JMeterThread: Thread is done: Thread Group-ThreadStarter 1-12
2020-12-21 17:52:16,955 INFO o.a.j.t.JMeterThread: Thread finished: Thread Group-ThreadStarter 1-12
2020-12-21 17:52:16,962 INFO o.a.j.t.JMeterThread: Thread is done: Thread Group-ThreadStarter 1-2
2020-12-21 17:52:16,963 INFO o.a.j.t.JMeterThread: Thread finished: Thread Group-ThreadStarter 1-2
2020-12-21 17:52:16,994 INFO o.a.j.t.JMeterThread: Thread is done: Thread Group-ThreadStarter 1-7
2020-12-21 17:52:16,996 INFO o.a.j.t.JMeterThread: Thread finished: Thread Group-ThreadStarter 1-7
2020-12-21 17:52:17,084 INFO o.a.j.t.JMeterThread: Thread is done: Thread Group-ThreadStarter 1-4
2020-12-21 17:52:17,087 INFO o.a.j.t.JMeterThread: Thread finished: Thread Group-ThreadStarter 1-4
2020-12-21 17:52:17,226 INFO o.a.j.t.JMeterThread: Thread is done: Thread Group-ThreadStarter 1-8
2020-12-21 17:52:17,226 INFO o.a.j.t.JMeterThread: Thread finished: Thread Group-ThreadStarter 1-8
2020-12-21 17:52:17,298 INFO o.a.j.t.JMeterThread: Thread is done: Thread Group-ThreadStarter 1-5
2020-12-21 17:52:17,301 INFO o.a.j.t.JMeterThread: Thread finished: Thread Group-ThreadStarter 1-5
2020-12-21 17:52:17,320 INFO o.a.j.t.JMeterThread: Thread is done: Thread Group-ThreadStarter 1-9
2020-12-21 17:52:17,321 INFO o.a.j.t.JMeterThread: Thread finished: Thread Group-ThreadStarter 1-9
2020-12-21 17:52:17,410 INFO o.a.j.t.JMeterThread: Thread is done: Thread Group-ThreadStarter 1-13
2020-12-21 17:52:17,410 INFO o.a.j.t.JMeterThread: Thread finished: Thread Group-ThreadStarter 1-13
2020-12-21 17:52:17,423 INFO o.a.j.t.JMeterThread: Thread is done: Thread Group-ThreadStarter 1-18
2020-12-21 17:52:17,426 INFO o.a.j.t.JMeterThread: Thread finished: Thread Group-ThreadStarter 1-18
2020-12-21 17:52:17,597 INFO o.a.j.t.JMeterThread: Thread is done: Thread Group-ThreadStarter 1-6
2020-12-21 17:52:17,598 INFO o.a.j.t.JMeterThread: Thread finished: Thread Group-ThreadStarter 1-6
2020-12-21 17:52:17,912 INFO o.a.j.t.JMeterThread: Thread is done: Thread Group-ThreadStarter 1-3
2020-12-21 17:52:17,912 INFO o.a.j.t.JMeterThread: Thread finished: Thread Group-ThreadStarter 1-3
2020-12-21 17:52:18,584 INFO o.a.j.t.JMeterThread: Thread is done: Thread Group-ThreadStarter 1-10
2020-12-21 17:52:18,587 INFO o.a.j.t.JMeterThread: Thread finished: Thread Group-ThreadStarter 1-10
2020-12-21 17:52:18,589 INFO o.a.j.e.StandardJMeterEngine: Notifying test listeners of end of test
2020-12-21 17:52:18,596 INFO o.a.j.e.StandardJMeterEngine: Forced JVM shutdown requested at end of test
