2020-12-21 17:47:23,260 INFO o.a.j.u.JMeterUtils: Setting Locale to en_CA
2020-12-21 17:47:23,295 INFO o.a.j.JMeter: Loading user properties from: /home/ivan/.bzt/jmeter-taurus/5.2.1/bin/user.properties
2020-12-21 17:47:23,296 INFO o.a.j.JMeter: Loading system properties from: /home/ivan/.bzt/jmeter-taurus/5.2.1/bin/system.properties
2020-12-21 17:47:23,296 INFO o.a.j.JMeter: Loading additional properties from: /home/ivan/taurus-load-tests/2020-12-21_17-47-17.423095/jmeter-bzt.properties
2020-12-21 17:47:23,296 INFO o.a.j.JMeter: Setting System properties from file: /home/ivan/taurus-load-tests/2020-12-21_17-47-17.423095/system.properties
2020-12-21 17:47:23,298 INFO o.a.j.JMeter: Copyright (c) 1998-2019 The Apache Software Foundation
2020-12-21 17:47:23,299 INFO o.a.j.JMeter: Version 5.2.1
2020-12-21 17:47:23,299 INFO o.a.j.JMeter: java.version=11.0.9.1
2020-12-21 17:47:23,299 INFO o.a.j.JMeter: java.vm.name=OpenJDK 64-Bit Server VM
2020-12-21 17:47:23,299 INFO o.a.j.JMeter: os.name=Linux
2020-12-21 17:47:23,299 INFO o.a.j.JMeter: os.arch=amd64
2020-12-21 17:47:23,299 INFO o.a.j.JMeter: os.version=5.4.0-58-generic
2020-12-21 17:47:23,299 INFO o.a.j.JMeter: file.encoding=UTF-8
2020-12-21 17:47:23,299 INFO o.a.j.JMeter: java.awt.headless=true
2020-12-21 17:47:23,299 INFO o.a.j.JMeter: Max memory     =1021313024
2020-12-21 17:47:23,300 INFO o.a.j.JMeter: Available Processors =2
2020-12-21 17:47:23,308 INFO o.a.j.JMeter: Default Locale=English (Canada)
2020-12-21 17:47:23,308 INFO o.a.j.JMeter: JMeter  Locale=English (Canada)
2020-12-21 17:47:23,308 INFO o.a.j.JMeter: JMeterHome=/home/ivan/.bzt/jmeter-taurus/5.2.1
2020-12-21 17:47:23,308 INFO o.a.j.JMeter: user.dir  =/home/ivan/taurus-load-tests
2020-12-21 17:47:23,308 INFO o.a.j.JMeter: PWD       =/home/ivan/taurus-load-tests
2020-12-21 17:47:23,309 INFO o.a.j.JMeter: IP: 127.0.1.1 Name: ivan-VirtualBox FullName: ivan-VirtualBox
2020-12-21 17:47:23,309 INFO o.a.j.JMeter: user.classpath=/home/ivan/taurus-load-tests/2020-12-21_17-47-17.423095:/home/ivan/taurus-load-tests/2020-12-21_17-47-17.423095
2020-12-21 17:47:23,309 INFO o.a.j.JMeter: Adding to classpath and loader: /home/ivan/taurus-load-tests/2020-12-21_17-47-17.423095
2020-12-21 17:47:23,310 INFO o.a.j.JMeter: Adding to classpath and loader: /home/ivan/taurus-load-tests/2020-12-21_17-47-17.423095
2020-12-21 17:47:23,316 INFO o.a.j.s.FileServer: Default base='/home/ivan/taurus-load-tests'
2020-12-21 17:47:23,319 INFO o.a.j.s.FileServer: Set new base='/home/ivan/taurus-load-tests/2020-12-21_17-47-17.423095'
2020-12-21 17:47:23,568 INFO o.a.j.s.SaveService: Testplan (JMX) version: 2.2. Testlog (JTL) version: 2.2
2020-12-21 17:47:23,597 INFO o.a.j.s.SaveService: Using SaveService properties version 5.0
2020-12-21 17:47:23,604 INFO o.a.j.s.SaveService: Using SaveService properties file encoding UTF-8
2020-12-21 17:47:23,610 INFO o.a.j.s.SaveService: Loading file: /home/ivan/taurus-load-tests/2020-12-21_17-47-17.423095/modified_requests.jmx
2020-12-21 17:47:23,671 INFO o.a.j.p.h.c.CacheManager: Will only cache the following methods: [GET]
2020-12-21 17:47:23,673 INFO o.a.j.p.h.c.CookieManager: Settings: Delete null: true Check: true Allow variable: true Save: false Prefix: COOKIE_
2020-12-21 17:47:23,690 INFO o.a.j.p.h.s.HTTPSamplerBase: Parser for text/html is org.apache.jmeter.protocol.http.parser.LagartoBasedHtmlParser
2020-12-21 17:47:23,691 INFO o.a.j.p.h.s.HTTPSamplerBase: Parser for application/xhtml+xml is org.apache.jmeter.protocol.http.parser.LagartoBasedHtmlParser
2020-12-21 17:47:23,691 INFO o.a.j.p.h.s.HTTPSamplerBase: Parser for application/xml is org.apache.jmeter.protocol.http.parser.LagartoBasedHtmlParser
2020-12-21 17:47:23,691 INFO o.a.j.p.h.s.HTTPSamplerBase: Parser for text/xml is org.apache.jmeter.protocol.http.parser.LagartoBasedHtmlParser
2020-12-21 17:47:23,691 INFO o.a.j.p.h.s.HTTPSamplerBase: Parser for text/vnd.wap.wml is org.apache.jmeter.protocol.http.parser.RegexpHTMLParser
2020-12-21 17:47:23,691 INFO o.a.j.p.h.s.HTTPSamplerBase: Parser for text/css is org.apache.jmeter.protocol.http.parser.CssParser
2020-12-21 17:47:23,772 INFO o.a.j.e.StandardJMeterEngine: Running the test!
2020-12-21 17:47:23,779 INFO o.a.j.s.SampleEvent: List of sample_variables: []
2020-12-21 17:47:23,779 INFO o.a.j.s.SampleEvent: List of sample_variables: []
2020-12-21 17:47:23,812 INFO o.a.j.e.u.CompoundVariable: Note: Function class names must contain the string: '.functions.'
2020-12-21 17:47:23,813 INFO o.a.j.e.u.CompoundVariable: Note: Function class names must not contain the string: '.gui.'
2020-12-21 17:47:24,408 INFO o.a.j.JMeter: Running test (1608594444408)
2020-12-21 17:47:24,466 INFO o.a.j.e.StandardJMeterEngine: Starting ThreadGroup: 1 : Thread Group
2020-12-21 17:47:24,467 INFO o.a.j.e.StandardJMeterEngine: Starting 20 threads for group Thread Group.
2020-12-21 17:47:24,467 INFO o.a.j.e.StandardJMeterEngine: Thread will continue on error
2020-12-21 17:47:24,473 INFO o.a.j.e.StandardJMeterEngine: All thread groups have been started
2020-12-21 17:47:24,474 INFO c.b.j.t.c.ConcurrencyThreadStarter: Start supplying threads
2020-12-21 17:47:25,785 INFO o.a.j.s.SampleResult: Note: Sample TimeStamps are START times
2020-12-21 17:47:25,789 INFO o.a.j.s.SampleResult: sampleresult.default.encoding is set to UTF-8
2020-12-21 17:47:25,792 INFO o.a.j.s.SampleResult: sampleresult.useNanoTime=true
2020-12-21 17:47:25,792 INFO o.a.j.s.SampleResult: sampleresult.nanoThreadSleep=5000
2020-12-21 17:47:25,781 INFO o.a.j.t.JMeterThread: Thread started: Thread Group-ThreadStarter 1-1
2020-12-21 17:47:25,828 INFO o.a.j.p.h.s.HTTPHCAbstractImpl: Local host = ivan-VirtualBox
2020-12-21 17:47:25,842 INFO o.a.j.p.h.s.HTTPHC4Impl: HTTP request retry count = 0
2020-12-21 17:47:26,111 INFO o.a.j.p.h.s.h.LazyLayeredConnectionSocketFactory: Setting up HTTPS TrustAll Socket Factory
2020-12-21 17:47:26,128 INFO o.a.j.u.JsseSSLManager: Using default SSL protocol: TLS
2020-12-21 17:47:26,128 INFO o.a.j.u.JsseSSLManager: SSL session context: per-thread
2020-12-21 17:47:26,286 INFO o.a.j.u.SSLManager: JmeterKeyStore Location:  type JKS
2020-12-21 17:47:26,289 INFO o.a.j.u.SSLManager: KeyStore created OK
2020-12-21 17:47:26,290 WARN o.a.j.u.SSLManager: Keystore file not found, loading empty keystore
2020-12-21 17:47:26,904 INFO o.a.j.p.h.p.BaseParser: Created org.apache.jmeter.protocol.http.parser.LagartoBasedHtmlParser
2020-12-21 17:47:26,960 INFO o.a.j.p.h.s.ResourcesDownloader: Creating ResourcesDownloader with keepalive_inseconds : 60
2020-12-21 17:47:27,364 INFO o.a.j.p.h.p.BaseParser: Created org.apache.jmeter.protocol.http.parser.CssParser
2020-12-21 17:47:27,364 INFO o.a.j.p.h.p.BaseParser: Created org.apache.jmeter.protocol.http.parser.CssParser
2020-12-21 17:47:28,815 INFO o.a.j.t.JMeterThread: Thread started: Thread Group-ThreadStarter 1-2
2020-12-21 17:47:30,860 INFO o.a.j.t.JMeterThread: Thread started: Thread Group-ThreadStarter 1-3
2020-12-21 17:47:33,863 INFO o.a.j.t.JMeterThread: Thread started: Thread Group-ThreadStarter 1-4
2020-12-21 17:47:35,870 INFO o.a.j.t.JMeterThread: Thread started: Thread Group-ThreadStarter 1-5
2020-12-21 17:47:38,890 INFO o.a.j.t.JMeterThread: Thread started: Thread Group-ThreadStarter 1-6
2020-12-21 17:47:40,893 INFO o.a.j.t.JMeterThread: Thread started: Thread Group-ThreadStarter 1-7
2020-12-21 17:47:43,896 INFO o.a.j.t.JMeterThread: Thread started: Thread Group-ThreadStarter 1-8
2020-12-21 17:47:45,917 INFO o.a.j.t.JMeterThread: Thread started: Thread Group-ThreadStarter 1-9
2020-12-21 17:47:48,913 INFO o.a.j.t.JMeterThread: Thread started: Thread Group-ThreadStarter 1-10
2020-12-21 17:47:50,915 INFO o.a.j.t.JMeterThread: Thread started: Thread Group-ThreadStarter 1-11
2020-12-21 17:47:53,918 INFO o.a.j.t.JMeterThread: Thread started: Thread Group-ThreadStarter 1-12
2020-12-21 17:47:55,922 INFO o.a.j.t.JMeterThread: Thread started: Thread Group-ThreadStarter 1-13
2020-12-21 17:47:58,933 INFO o.a.j.t.JMeterThread: Thread started: Thread Group-ThreadStarter 1-14
2020-12-21 17:48:00,934 INFO o.a.j.t.JMeterThread: Thread started: Thread Group-ThreadStarter 1-15
2020-12-21 17:48:03,938 INFO o.a.j.t.JMeterThread: Thread started: Thread Group-ThreadStarter 1-16
2020-12-21 17:48:05,939 INFO o.a.j.t.JMeterThread: Thread started: Thread Group-ThreadStarter 1-17
2020-12-21 17:48:08,948 INFO o.a.j.t.JMeterThread: Thread started: Thread Group-ThreadStarter 1-18
2020-12-21 17:48:10,947 INFO o.a.j.t.JMeterThread: Thread started: Thread Group-ThreadStarter 1-19
2020-12-21 17:48:13,954 INFO o.a.j.t.JMeterThread: Thread started: Thread Group-ThreadStarter 1-20
2020-12-21 17:48:34,960 INFO c.b.j.t.c.ConcurrencyThreadStarter: Done supplying threads
2020-12-21 17:48:34,979 INFO o.a.j.t.JMeterThread: Thread is done: Thread Group-ThreadStarter 1-4
2020-12-21 17:48:34,979 INFO o.a.j.t.JMeterThread: Thread finished: Thread Group-ThreadStarter 1-4
2020-12-21 17:48:35,015 INFO o.a.j.t.JMeterThread: Thread is done: Thread Group-ThreadStarter 1-20
2020-12-21 17:48:35,024 INFO o.a.j.t.JMeterThread: Thread finished: Thread Group-ThreadStarter 1-20
2020-12-21 17:48:35,032 INFO o.a.j.t.JMeterThread: Thread is done: Thread Group-ThreadStarter 1-6
2020-12-21 17:48:35,033 INFO o.a.j.t.JMeterThread: Thread finished: Thread Group-ThreadStarter 1-6
2020-12-21 17:48:35,050 INFO o.a.j.t.JMeterThread: Thread is done: Thread Group-ThreadStarter 1-9
2020-12-21 17:48:35,054 INFO o.a.j.t.JMeterThread: Thread finished: Thread Group-ThreadStarter 1-9
2020-12-21 17:48:35,084 INFO o.a.j.t.JMeterThread: Thread is done: Thread Group-ThreadStarter 1-18
2020-12-21 17:48:35,100 INFO o.a.j.t.JMeterThread: Thread is done: Thread Group-ThreadStarter 1-8
2020-12-21 17:48:35,102 INFO o.a.j.t.JMeterThread: Thread finished: Thread Group-ThreadStarter 1-8
2020-12-21 17:48:35,109 INFO o.a.j.t.JMeterThread: Thread is done: Thread Group-ThreadStarter 1-15
2020-12-21 17:48:35,106 INFO o.a.j.t.JMeterThread: Thread finished: Thread Group-ThreadStarter 1-18
2020-12-21 17:48:35,082 INFO o.a.j.t.JMeterThread: Thread is done: Thread Group-ThreadStarter 1-13
2020-12-21 17:48:35,118 INFO o.a.j.t.JMeterThread: Thread finished: Thread Group-ThreadStarter 1-13
2020-12-21 17:48:35,118 INFO o.a.j.t.JMeterThread: Thread finished: Thread Group-ThreadStarter 1-15
2020-12-21 17:48:35,383 INFO o.a.j.t.JMeterThread: Thread is done: Thread Group-ThreadStarter 1-17
2020-12-21 17:48:35,384 INFO o.a.j.t.JMeterThread: Thread finished: Thread Group-ThreadStarter 1-17
2020-12-21 17:48:35,405 INFO o.a.j.t.JMeterThread: Thread is done: Thread Group-ThreadStarter 1-12
2020-12-21 17:48:35,407 INFO o.a.j.t.JMeterThread: Thread finished: Thread Group-ThreadStarter 1-12
2020-12-21 17:48:35,451 INFO o.a.j.t.JMeterThread: Thread is done: Thread Group-ThreadStarter 1-14
2020-12-21 17:48:35,458 INFO o.a.j.t.JMeterThread: Thread finished: Thread Group-ThreadStarter 1-14
2020-12-21 17:48:35,454 INFO o.a.j.t.JMeterThread: Thread is done: Thread Group-ThreadStarter 1-19
2020-12-21 17:48:35,461 INFO o.a.j.t.JMeterThread: Thread is done: Thread Group-ThreadStarter 1-5
2020-12-21 17:48:35,463 INFO o.a.j.t.JMeterThread: Thread finished: Thread Group-ThreadStarter 1-5
2020-12-21 17:48:35,476 INFO o.a.j.t.JMeterThread: Thread finished: Thread Group-ThreadStarter 1-19
2020-12-21 17:48:35,657 INFO o.a.j.t.JMeterThread: Thread is done: Thread Group-ThreadStarter 1-10
2020-12-21 17:48:35,659 INFO o.a.j.t.JMeterThread: Thread finished: Thread Group-ThreadStarter 1-10
2020-12-21 17:48:35,750 INFO o.a.j.t.JMeterThread: Thread is done: Thread Group-ThreadStarter 1-3
2020-12-21 17:48:35,750 INFO o.a.j.t.JMeterThread: Thread finished: Thread Group-ThreadStarter 1-3
2020-12-21 17:48:36,243 INFO o.a.j.t.JMeterThread: Thread is done: Thread Group-ThreadStarter 1-16
2020-12-21 17:48:36,245 INFO o.a.j.t.JMeterThread: Thread finished: Thread Group-ThreadStarter 1-16
2020-12-21 17:48:36,405 INFO o.a.j.t.JMeterThread: Thread is done: Thread Group-ThreadStarter 1-7
2020-12-21 17:48:36,405 INFO o.a.j.t.JMeterThread: Thread finished: Thread Group-ThreadStarter 1-7
2020-12-21 17:48:36,698 INFO o.a.j.t.JMeterThread: Thread is done: Thread Group-ThreadStarter 1-2
2020-12-21 17:48:36,698 INFO o.a.j.t.JMeterThread: Thread finished: Thread Group-ThreadStarter 1-2
2020-12-21 17:48:37,049 INFO o.a.j.t.JMeterThread: Thread is done: Thread Group-ThreadStarter 1-11
2020-12-21 17:48:37,050 INFO o.a.j.t.JMeterThread: Thread finished: Thread Group-ThreadStarter 1-11
2020-12-21 17:48:37,185 INFO o.a.j.t.JMeterThread: Thread is done: Thread Group-ThreadStarter 1-1
2020-12-21 17:48:37,186 INFO o.a.j.t.JMeterThread: Thread finished: Thread Group-ThreadStarter 1-1
2020-12-21 17:48:37,206 INFO o.a.j.e.StandardJMeterEngine: Notifying test listeners of end of test
2020-12-21 17:48:37,209 INFO o.a.j.e.StandardJMeterEngine: Forced JVM shutdown requested at end of test
