2020-12-20 01:48:00,824 INFO o.a.j.u.JMeterUtils: Setting Locale to en_CA
2020-12-20 01:48:00,858 INFO o.a.j.JMeter: Loading user properties from: /home/ivan/.bzt/jmeter-taurus/5.2.1/bin/user.properties
2020-12-20 01:48:00,859 INFO o.a.j.JMeter: Loading system properties from: /home/ivan/.bzt/jmeter-taurus/5.2.1/bin/system.properties
2020-12-20 01:48:00,859 INFO o.a.j.JMeter: Loading additional properties from: /home/ivan/taurus/2020-12-20_01-47-54.824432/jmeter-bzt.properties
2020-12-20 01:48:00,860 INFO o.a.j.JMeter: Setting System properties from file: /home/ivan/taurus/2020-12-20_01-47-54.824432/system.properties
2020-12-20 01:48:00,861 INFO o.a.j.JMeter: Copyright (c) 1998-2019 The Apache Software Foundation
2020-12-20 01:48:00,861 INFO o.a.j.JMeter: Version 5.2.1
2020-12-20 01:48:00,862 INFO o.a.j.JMeter: java.version=11.0.9.1
2020-12-20 01:48:00,862 INFO o.a.j.JMeter: java.vm.name=OpenJDK 64-Bit Server VM
2020-12-20 01:48:00,862 INFO o.a.j.JMeter: os.name=Linux
2020-12-20 01:48:00,862 INFO o.a.j.JMeter: os.arch=amd64
2020-12-20 01:48:00,862 INFO o.a.j.JMeter: os.version=5.4.0-58-generic
2020-12-20 01:48:00,862 INFO o.a.j.JMeter: file.encoding=UTF-8
2020-12-20 01:48:00,862 INFO o.a.j.JMeter: java.awt.headless=true
2020-12-20 01:48:00,862 INFO o.a.j.JMeter: Max memory     =1021313024
2020-12-20 01:48:00,863 INFO o.a.j.JMeter: Available Processors =2
2020-12-20 01:48:00,871 INFO o.a.j.JMeter: Default Locale=English (Canada)
2020-12-20 01:48:00,871 INFO o.a.j.JMeter: JMeter  Locale=English (Canada)
2020-12-20 01:48:00,871 INFO o.a.j.JMeter: JMeterHome=/home/ivan/.bzt/jmeter-taurus/5.2.1
2020-12-20 01:48:00,871 INFO o.a.j.JMeter: user.dir  =/home/ivan/taurus
2020-12-20 01:48:00,872 INFO o.a.j.JMeter: PWD       =/home/ivan/taurus
2020-12-20 01:48:00,872 INFO o.a.j.JMeter: IP: 127.0.1.1 Name: ivan-VirtualBox FullName: ivan-VirtualBox
2020-12-20 01:48:00,872 INFO o.a.j.JMeter: user.classpath=/home/ivan/taurus/2020-12-20_01-47-54.824432:/home/ivan/taurus/2020-12-20_01-47-54.824432
2020-12-20 01:48:00,872 INFO o.a.j.JMeter: Adding to classpath and loader: /home/ivan/taurus/2020-12-20_01-47-54.824432
2020-12-20 01:48:00,873 INFO o.a.j.JMeter: Adding to classpath and loader: /home/ivan/taurus/2020-12-20_01-47-54.824432
2020-12-20 01:48:00,881 INFO o.a.j.s.FileServer: Default base='/home/ivan/taurus'
2020-12-20 01:48:00,884 INFO o.a.j.s.FileServer: Set new base='/home/ivan/taurus/2020-12-20_01-47-54.824432'
2020-12-20 01:48:01,188 INFO o.a.j.s.SaveService: Testplan (JMX) version: 2.2. Testlog (JTL) version: 2.2
2020-12-20 01:48:01,243 INFO o.a.j.s.SaveService: Using SaveService properties version 5.0
2020-12-20 01:48:01,256 INFO o.a.j.s.SaveService: Using SaveService properties file encoding UTF-8
2020-12-20 01:48:01,270 INFO o.a.j.s.SaveService: Loading file: /home/ivan/taurus/2020-12-20_01-47-54.824432/modified_requests.jmx
2020-12-20 01:48:01,337 INFO o.a.j.p.h.c.CacheManager: Will only cache the following methods: [GET]
2020-12-20 01:48:01,341 INFO o.a.j.p.h.c.CookieManager: Settings: Delete null: true Check: true Allow variable: true Save: false Prefix: COOKIE_
2020-12-20 01:48:01,362 INFO o.a.j.p.h.s.HTTPSamplerBase: Parser for text/html is org.apache.jmeter.protocol.http.parser.LagartoBasedHtmlParser
2020-12-20 01:48:01,364 INFO o.a.j.p.h.s.HTTPSamplerBase: Parser for application/xhtml+xml is org.apache.jmeter.protocol.http.parser.LagartoBasedHtmlParser
2020-12-20 01:48:01,365 INFO o.a.j.p.h.s.HTTPSamplerBase: Parser for application/xml is org.apache.jmeter.protocol.http.parser.LagartoBasedHtmlParser
2020-12-20 01:48:01,366 INFO o.a.j.p.h.s.HTTPSamplerBase: Parser for text/xml is org.apache.jmeter.protocol.http.parser.LagartoBasedHtmlParser
2020-12-20 01:48:01,367 INFO o.a.j.p.h.s.HTTPSamplerBase: Parser for text/vnd.wap.wml is org.apache.jmeter.protocol.http.parser.RegexpHTMLParser
2020-12-20 01:48:01,369 INFO o.a.j.p.h.s.HTTPSamplerBase: Parser for text/css is org.apache.jmeter.protocol.http.parser.CssParser
2020-12-20 01:48:01,437 INFO o.a.j.e.StandardJMeterEngine: Running the test!
2020-12-20 01:48:01,448 INFO o.a.j.s.SampleEvent: List of sample_variables: []
2020-12-20 01:48:01,450 INFO o.a.j.s.SampleEvent: List of sample_variables: []
2020-12-20 01:48:01,477 INFO o.a.j.e.u.CompoundVariable: Note: Function class names must contain the string: '.functions.'
2020-12-20 01:48:01,477 INFO o.a.j.e.u.CompoundVariable: Note: Function class names must not contain the string: '.gui.'
2020-12-20 01:48:02,236 INFO o.a.j.JMeter: Running test (1608450482236)
2020-12-20 01:48:02,303 INFO o.a.j.e.StandardJMeterEngine: Starting ThreadGroup: 1 : Thread Group
2020-12-20 01:48:02,305 INFO o.a.j.e.StandardJMeterEngine: Starting 10 threads for group Thread Group.
2020-12-20 01:48:02,309 INFO o.a.j.e.StandardJMeterEngine: Thread will continue on error
2020-12-20 01:48:02,324 INFO o.a.j.e.StandardJMeterEngine: All thread groups have been started
2020-12-20 01:48:02,327 INFO c.b.j.t.c.ConcurrencyThreadStarter: Start supplying threads
2020-12-20 01:48:04,416 INFO o.a.j.s.SampleResult: Note: Sample TimeStamps are START times
2020-12-20 01:48:04,421 INFO o.a.j.s.SampleResult: sampleresult.default.encoding is set to UTF-8
2020-12-20 01:48:04,422 INFO o.a.j.s.SampleResult: sampleresult.useNanoTime=true
2020-12-20 01:48:04,422 INFO o.a.j.s.SampleResult: sampleresult.nanoThreadSleep=5000
2020-12-20 01:48:04,423 INFO o.a.j.t.JMeterThread: Thread started: Thread Group-ThreadStarter 1-1
2020-12-20 01:48:04,467 INFO o.a.j.p.h.s.HTTPHCAbstractImpl: Local host = ivan-VirtualBox
2020-12-20 01:48:04,478 INFO o.a.j.p.h.s.HTTPHC4Impl: HTTP request retry count = 0
2020-12-20 01:48:04,815 INFO o.a.j.p.h.s.h.LazyLayeredConnectionSocketFactory: Setting up HTTPS TrustAll Socket Factory
2020-12-20 01:48:04,832 INFO o.a.j.u.JsseSSLManager: Using default SSL protocol: TLS
2020-12-20 01:48:04,834 INFO o.a.j.u.JsseSSLManager: SSL session context: per-thread
2020-12-20 01:48:04,984 INFO o.a.j.u.SSLManager: JmeterKeyStore Location:  type JKS
2020-12-20 01:48:04,989 INFO o.a.j.u.SSLManager: KeyStore created OK
2020-12-20 01:48:04,989 WARN o.a.j.u.SSLManager: Keystore file not found, loading empty keystore
2020-12-20 01:48:05,632 INFO o.a.j.p.h.p.BaseParser: Created org.apache.jmeter.protocol.http.parser.LagartoBasedHtmlParser
2020-12-20 01:48:05,693 INFO o.a.j.p.h.s.ResourcesDownloader: Creating ResourcesDownloader with keepalive_inseconds : 60
2020-12-20 01:48:06,057 INFO o.a.j.p.h.p.BaseParser: Created org.apache.jmeter.protocol.http.parser.CssParser
2020-12-20 01:48:08,438 INFO o.a.j.t.JMeterThread: Thread started: Thread Group-ThreadStarter 1-2
2020-12-20 01:48:12,457 INFO o.a.j.t.JMeterThread: Thread started: Thread Group-ThreadStarter 1-3
2020-12-20 01:48:16,462 INFO o.a.j.t.JMeterThread: Thread started: Thread Group-ThreadStarter 1-4
2020-12-20 01:48:20,467 INFO o.a.j.t.JMeterThread: Thread started: Thread Group-ThreadStarter 1-5
2020-12-20 01:48:24,473 INFO o.a.j.t.JMeterThread: Thread started: Thread Group-ThreadStarter 1-6
2020-12-20 01:48:28,475 INFO o.a.j.t.JMeterThread: Thread started: Thread Group-ThreadStarter 1-7
2020-12-20 01:48:32,488 INFO o.a.j.t.JMeterThread: Thread started: Thread Group-ThreadStarter 1-8
2020-12-20 01:48:36,491 INFO o.a.j.t.JMeterThread: Thread started: Thread Group-ThreadStarter 1-9
2020-12-20 01:48:40,494 INFO o.a.j.t.JMeterThread: Thread started: Thread Group-ThreadStarter 1-10
2020-12-20 01:50:42,602 INFO c.b.j.t.c.ConcurrencyThreadStarter: Done supplying threads
2020-12-20 01:50:42,606 INFO o.a.j.t.JMeterThread: Thread is done: Thread Group-ThreadStarter 1-6
2020-12-20 01:50:42,606 INFO o.a.j.t.JMeterThread: Thread finished: Thread Group-ThreadStarter 1-6
2020-12-20 01:50:42,618 INFO o.a.j.t.JMeterThread: Thread is done: Thread Group-ThreadStarter 1-3
2020-12-20 01:50:42,618 INFO o.a.j.t.JMeterThread: Thread finished: Thread Group-ThreadStarter 1-3
2020-12-20 01:50:42,679 INFO o.a.j.t.JMeterThread: Thread is done: Thread Group-ThreadStarter 1-8
2020-12-20 01:50:42,679 INFO o.a.j.t.JMeterThread: Thread finished: Thread Group-ThreadStarter 1-8
2020-12-20 01:50:42,728 INFO o.a.j.t.JMeterThread: Thread is done: Thread Group-ThreadStarter 1-7
2020-12-20 01:50:42,728 INFO o.a.j.t.JMeterThread: Thread finished: Thread Group-ThreadStarter 1-7
2020-12-20 01:50:42,796 INFO o.a.j.t.JMeterThread: Thread is done: Thread Group-ThreadStarter 1-10
2020-12-20 01:50:42,796 INFO o.a.j.t.JMeterThread: Thread finished: Thread Group-ThreadStarter 1-10
2020-12-20 01:50:42,806 INFO o.a.j.t.JMeterThread: Thread is done: Thread Group-ThreadStarter 1-5
2020-12-20 01:50:42,807 INFO o.a.j.t.JMeterThread: Thread finished: Thread Group-ThreadStarter 1-5
2020-12-20 01:50:42,815 INFO o.a.j.t.JMeterThread: Thread is done: Thread Group-ThreadStarter 1-4
2020-12-20 01:50:42,815 INFO o.a.j.t.JMeterThread: Thread finished: Thread Group-ThreadStarter 1-4
2020-12-20 01:50:42,852 INFO o.a.j.t.JMeterThread: Thread is done: Thread Group-ThreadStarter 1-9
2020-12-20 01:50:42,852 INFO o.a.j.t.JMeterThread: Thread finished: Thread Group-ThreadStarter 1-9
2020-12-20 01:50:42,857 INFO o.a.j.t.JMeterThread: Thread is done: Thread Group-ThreadStarter 1-2
2020-12-20 01:50:42,857 INFO o.a.j.t.JMeterThread: Thread finished: Thread Group-ThreadStarter 1-2
2020-12-20 01:50:43,018 INFO o.a.j.t.JMeterThread: Thread is done: Thread Group-ThreadStarter 1-1
2020-12-20 01:50:43,018 INFO o.a.j.t.JMeterThread: Thread finished: Thread Group-ThreadStarter 1-1
2020-12-20 01:50:43,025 INFO o.a.j.e.StandardJMeterEngine: Notifying test listeners of end of test
2020-12-20 01:50:43,031 INFO o.a.j.e.StandardJMeterEngine: Forced JVM shutdown requested at end of test
